<?xml version="1.0" encoding="UTF-8"?>
<testsuite name="net.mkirk.nodeserver.NodeTests" tests="1" skipped="0" failures="0" errors="0" timestamp="2021-08-02T11:26:57" hostname="drake" time="0.29">
  <properties/>
  <testcase name="nodesMatch()" classname="net.mkirk.nodeserver.NodeTests" time="0.29"/>
  <system-out><![CDATA[21:26:47.973 [Test worker] DEBUG org.springframework.test.context.BootstrapUtils - Instantiating CacheAwareContextLoaderDelegate from class [org.springframework.test.context.cache.DefaultCacheAwareContextLoaderDelegate]
21:26:47.988 [Test worker] DEBUG org.springframework.test.context.BootstrapUtils - Instantiating BootstrapContext using constructor [public org.springframework.test.context.support.DefaultBootstrapContext(java.lang.Class,org.springframework.test.context.CacheAwareContextLoaderDelegate)]
21:26:48.037 [Test worker] DEBUG org.springframework.test.context.BootstrapUtils - Instantiating TestContextBootstrapper for test class [net.mkirk.nodeserver.NodeTests] from class [org.springframework.boot.test.context.SpringBootTestContextBootstrapper]
21:26:48.055 [Test worker] INFO org.springframework.boot.test.context.SpringBootTestContextBootstrapper - Neither @ContextConfiguration nor @ContextHierarchy found for test class [net.mkirk.nodeserver.NodeTests], using SpringBootContextLoader
21:26:48.060 [Test worker] DEBUG org.springframework.test.context.support.AbstractContextLoader - Did not detect default resource location for test class [net.mkirk.nodeserver.NodeTests]: class path resource [net/mkirk/nodeserver/NodeTests-context.xml] does not exist
21:26:48.061 [Test worker] DEBUG org.springframework.test.context.support.AbstractContextLoader - Did not detect default resource location for test class [net.mkirk.nodeserver.NodeTests]: class path resource [net/mkirk/nodeserver/NodeTestsContext.groovy] does not exist
21:26:48.061 [Test worker] INFO org.springframework.test.context.support.AbstractContextLoader - Could not detect default resource locations for test class [net.mkirk.nodeserver.NodeTests]: no resource found for suffixes {-context.xml, Context.groovy}.
21:26:48.062 [Test worker] INFO org.springframework.test.context.support.AnnotationConfigContextLoaderUtils - Could not detect default configuration classes for test class [net.mkirk.nodeserver.NodeTests]: NodeTests does not declare any static, non-private, non-final, nested classes annotated with @Configuration.
21:26:48.125 [Test worker] DEBUG org.springframework.test.context.support.ActiveProfilesUtils - Could not find an 'annotation declaring class' for annotation type [org.springframework.test.context.ActiveProfiles] and class [net.mkirk.nodeserver.NodeTests]
21:26:48.316 [Test worker] DEBUG org.springframework.context.annotation.ClassPathScanningCandidateComponentProvider - Identified candidate component class: file [/Users/max/Developer/intelliJ-projects/NodeApp/Server/build/classes/java/main/net/mkirk/nodeserver/NodeServerApplication.class]
21:26:48.321 [Test worker] INFO org.springframework.boot.test.context.SpringBootTestContextBootstrapper - Found @SpringBootConfiguration net.mkirk.nodeserver.NodeServerApplication for test class net.mkirk.nodeserver.NodeTests
21:26:48.719 [Test worker] DEBUG org.springframework.boot.test.context.SpringBootTestContextBootstrapper - @TestExecutionListeners is not present for class [net.mkirk.nodeserver.NodeTests]: using defaults.
21:26:48.720 [Test worker] INFO org.springframework.boot.test.context.SpringBootTestContextBootstrapper - Loaded default TestExecutionListener class names from location [META-INF/spring.factories]: [org.springframework.boot.test.autoconfigure.restdocs.RestDocsTestExecutionListener, org.springframework.boot.test.autoconfigure.web.client.MockRestServiceServerResetTestExecutionListener, org.springframework.boot.test.autoconfigure.web.servlet.MockMvcPrintOnlyOnFailureTestExecutionListener, org.springframework.boot.test.autoconfigure.web.servlet.WebDriverTestExecutionListener, org.springframework.boot.test.autoconfigure.webservices.client.MockWebServiceServerTestExecutionListener, org.springframework.boot.test.mock.mockito.MockitoTestExecutionListener, org.springframework.boot.test.mock.mockito.ResetMocksTestExecutionListener, org.springframework.test.context.web.ServletTestExecutionListener, org.springframework.test.context.support.DirtiesContextBeforeModesTestExecutionListener, org.springframework.test.context.event.ApplicationEventsTestExecutionListener, org.springframework.test.context.support.DependencyInjectionTestExecutionListener, org.springframework.test.context.support.DirtiesContextTestExecutionListener, org.springframework.test.context.transaction.TransactionalTestExecutionListener, org.springframework.test.context.jdbc.SqlScriptsTestExecutionListener, org.springframework.test.context.event.EventPublishingTestExecutionListener]
21:26:48.772 [Test worker] INFO org.springframework.boot.test.context.SpringBootTestContextBootstrapper - Using TestExecutionListeners: [org.springframework.test.context.web.ServletTestExecutionListener@20f25dad, org.springframework.test.context.support.DirtiesContextBeforeModesTestExecutionListener@2611fad2, org.springframework.test.context.event.ApplicationEventsTestExecutionListener@2c767fe0, org.springframework.boot.test.mock.mockito.MockitoTestExecutionListener@358e0f55, org.springframework.boot.test.autoconfigure.SpringBootDependencyInjectionTestExecutionListener@723237c, org.springframework.test.context.support.DirtiesContextTestExecutionListener@2e4d9e20, org.springframework.test.context.transaction.TransactionalTestExecutionListener@315b6d76, org.springframework.test.context.jdbc.SqlScriptsTestExecutionListener@74ea28af, org.springframework.test.context.event.EventPublishingTestExecutionListener@6a4ccd8d, org.springframework.boot.test.autoconfigure.restdocs.RestDocsTestExecutionListener@28b2e27a, org.springframework.boot.test.autoconfigure.web.client.MockRestServiceServerResetTestExecutionListener@42e80ac7, org.springframework.boot.test.autoconfigure.web.servlet.MockMvcPrintOnlyOnFailureTestExecutionListener@67e2fd65, org.springframework.boot.test.autoconfigure.web.servlet.WebDriverTestExecutionListener@6bce64b1, org.springframework.boot.test.autoconfigure.webservices.client.MockWebServiceServerTestExecutionListener@54d0ea80, org.springframework.boot.test.mock.mockito.ResetMocksTestExecutionListener@566c6cef]
21:26:48.788 [Test worker] DEBUG org.springframework.test.context.support.AbstractDirtiesContextTestExecutionListener - Before test class: context [DefaultTestContext@38e533f7 testClass = NodeTests, testInstance = [null], testMethod = [null], testException = [null], mergedContextConfiguration = [WebMergedContextConfiguration@6c291e0a testClass = NodeTests, locations = '{}', classes = '{class net.mkirk.nodeserver.NodeServerApplication}', contextInitializerClasses = '[]', activeProfiles = '{}', propertySourceLocations = '{}', propertySourceProperties = '{org.springframework.boot.test.context.SpringBootTestContextBootstrapper=true}', contextCustomizers = set[org.springframework.boot.test.autoconfigure.actuate.metrics.MetricsExportContextCustomizerFactory$DisableMetricExportContextCustomizer@4d9a6d9f, org.springframework.boot.test.autoconfigure.properties.PropertyMappingContextCustomizer@0, org.springframework.boot.test.autoconfigure.web.servlet.WebDriverContextCustomizerFactory$Customizer@40284bb7, org.springframework.boot.test.context.filter.ExcludeFilterContextCustomizer@7c4cc3df, org.springframework.boot.test.json.DuplicateJsonObjectContextCustomizerFactory$DuplicateJsonObjectContextCustomizer@22c7d691, org.springframework.boot.test.mock.mockito.MockitoContextCustomizer@0, org.springframework.boot.test.web.client.TestRestTemplateContextCustomizer@1ee8581e, org.springframework.boot.test.context.SpringBootTestArgs@1, org.springframework.boot.test.context.SpringBootTestWebEnvironment@eeb8518], resourceBasePath = 'src/main/webapp', contextLoader = 'org.springframework.boot.test.context.SpringBootContextLoader', parent = [null]], attributes = map['org.springframework.test.context.web.ServletTestExecutionListener.activateListener' -> true]], class annotated with @DirtiesContext [false] with mode [null].
21:26:48.868 [Test worker] DEBUG org.springframework.test.context.support.TestPropertySourceUtils - Adding inlined properties to environment: {spring.jmx.enabled=false, org.springframework.boot.test.context.SpringBootTestContextBootstrapper=true}

  .   ____          _            __ _ _
 /\\ / ___'_ __ _ _(_)_ __  __ _ \ \ \ \
( ( )\___ | '_ | '_| | '_ \/ _` | \ \ \ \
 \\/  ___)| |_)| | | | | || (_| |  ) ) ) )
  '  |____| .__|_| |_|_| |_\__, | / / / /
 =========|_|==============|___/=/_/_/_/
 :: Spring Boot ::                (v2.5.3)

2021-08-02 21:26:49.890  INFO 7796 --- [    Test worker] net.mkirk.nodeserver.NodeTests           : Starting NodeTests using Java 16.0.2 on drake with PID 7796 (started by max in /Users/max/Developer/intelliJ-projects/NodeApp/Server)
2021-08-02 21:26:49.916  INFO 7796 --- [    Test worker] net.mkirk.nodeserver.NodeTests           : No active profile set, falling back to default profiles: default
2021-08-02 21:26:52.006  INFO 7796 --- [    Test worker] .s.d.r.c.RepositoryConfigurationDelegate : Bootstrapping Spring Data JPA repositories in DEFAULT mode.
2021-08-02 21:26:52.120  INFO 7796 --- [    Test worker] .s.d.r.c.RepositoryConfigurationDelegate : Finished Spring Data repository scanning in 92 ms. Found 1 JPA repository interfaces.
2021-08-02 21:26:52.920  INFO 7796 --- [    Test worker] com.zaxxer.hikari.HikariDataSource       : HikariPool-1 - Starting...
2021-08-02 21:26:53.149  INFO 7796 --- [    Test worker] com.zaxxer.hikari.HikariDataSource       : HikariPool-1 - Start completed.
2021-08-02 21:26:53.235  INFO 7796 --- [    Test worker] o.hibernate.jpa.internal.util.LogHelper  : HHH000204: Processing PersistenceUnitInfo [name: default]
2021-08-02 21:26:53.293  INFO 7796 --- [    Test worker] org.hibernate.Version                    : HHH000412: Hibernate ORM core version 5.4.32.Final
2021-08-02 21:26:53.451  INFO 7796 --- [    Test worker] o.hibernate.annotations.common.Version   : HCANN000001: Hibernate Commons Annotations {5.1.2.Final}
2021-08-02 21:26:53.610  INFO 7796 --- [    Test worker] org.hibernate.dialect.Dialect            : HHH000400: Using dialect: org.hibernate.dialect.H2Dialect
2021-08-02 21:26:54.400  INFO 7796 --- [    Test worker] o.h.e.t.j.p.i.JtaPlatformInitiator       : HHH000490: Using JtaPlatform implementation: [org.hibernate.engine.transaction.jta.platform.internal.NoJtaPlatform]
2021-08-02 21:26:54.410  INFO 7796 --- [    Test worker] j.LocalContainerEntityManagerFactoryBean : Initialized JPA EntityManagerFactory for persistence unit 'default'
2021-08-02 21:26:55.245  WARN 7796 --- [    Test worker] JpaBaseConfiguration$JpaWebConfiguration : spring.jpa.open-in-view is enabled by default. Therefore, database queries may be performed during view rendering. Explicitly configure spring.jpa.open-in-view to disable this warning
2021-08-02 21:26:56.871  INFO 7796 --- [    Test worker] net.mkirk.nodeserver.NodeTests           : Started NodeTests in 7.989 seconds (JVM running for 9.795)
2021-08-02 21:26:56.960  INFO 7796 --- [    Test worker] net.mkirk.nodeserver.LoadDatabase        : Preloading database: Node {id=1, name='File Reader', location='Source', isStreamable='true'}
2021-08-02 21:26:56.963  INFO 7796 --- [    Test worker] net.mkirk.nodeserver.LoadDatabase        : Preloading database: Node {id=2, name='File Writer', location='Source', isStreamable='false'}
2021-08-02 21:26:56.965  INFO 7796 --- [    Test worker] net.mkirk.nodeserver.LoadDatabase        : Preloading database: Node {id=3, name='Jan Hus', location='Bohemia', isStreamable='false'}
2021-08-02 21:26:56.966  INFO 7796 --- [    Test worker] net.mkirk.nodeserver.LoadDatabase        : Preloading database: Node {id=4, name='Frederick II', location='Sicily', isStreamable='true'}
]]></system-out>
  <system-err><![CDATA[]]></system-err>
</testsuite>
