<?xml version="1.0" encoding="UTF-8"?>
<testsuite name="net.mkirk.nodeserver.NodeserverApplicationTests" tests="1" skipped="0" failures="0" errors="0" timestamp="2021-08-02T11:26:57" hostname="drake" time="0.006">
  <properties/>
  <testcase name="contextLoads()" classname="net.mkirk.nodeserver.NodeserverApplicationTests" time="0.006"/>
  <system-out><![CDATA[2021-08-02 21:26:57.295  INFO 7796 --- [    Test worker] .b.t.c.SpringBootTestContextBootstrapper : Neither @ContextConfiguration nor @ContextHierarchy found for test class [net.mkirk.nodeserver.NodeserverApplicationTests], using SpringBootContextLoader
2021-08-02 21:26:57.296  INFO 7796 --- [    Test worker] o.s.t.c.support.AbstractContextLoader    : Could not detect default resource locations for test class [net.mkirk.nodeserver.NodeserverApplicationTests]: no resource found for suffixes {-context.xml, Context.groovy}.
2021-08-02 21:26:57.297  INFO 7796 --- [    Test worker] t.c.s.AnnotationConfigContextLoaderUtils : Could not detect default configuration classes for test class [net.mkirk.nodeserver.NodeserverApplicationTests]: NodeserverApplicationTests does not declare any static, non-private, non-final, nested classes annotated with @Configuration.
2021-08-02 21:26:57.299  INFO 7796 --- [    Test worker] .b.t.c.SpringBootTestContextBootstrapper : Found @SpringBootConfiguration net.mkirk.nodeserver.NodeServerApplication for test class net.mkirk.nodeserver.NodeserverApplicationTests
2021-08-02 21:26:57.302  INFO 7796 --- [    Test worker] .b.t.c.SpringBootTestContextBootstrapper : Loaded default TestExecutionListener class names from location [META-INF/spring.factories]: [org.springframework.boot.test.autoconfigure.restdocs.RestDocsTestExecutionListener, org.springframework.boot.test.autoconfigure.web.client.MockRestServiceServerResetTestExecutionListener, org.springframework.boot.test.autoconfigure.web.servlet.MockMvcPrintOnlyOnFailureTestExecutionListener, org.springframework.boot.test.autoconfigure.web.servlet.WebDriverTestExecutionListener, org.springframework.boot.test.autoconfigure.webservices.client.MockWebServiceServerTestExecutionListener, org.springframework.boot.test.mock.mockito.MockitoTestExecutionListener, org.springframework.boot.test.mock.mockito.ResetMocksTestExecutionListener, org.springframework.test.context.web.ServletTestExecutionListener, org.springframework.test.context.support.DirtiesContextBeforeModesTestExecutionListener, org.springframework.test.context.event.ApplicationEventsTestExecutionListener, org.springframework.test.context.support.DependencyInjectionTestExecutionListener, org.springframework.test.context.support.DirtiesContextTestExecutionListener, org.springframework.test.context.transaction.TransactionalTestExecutionListener, org.springframework.test.context.jdbc.SqlScriptsTestExecutionListener, org.springframework.test.context.event.EventPublishingTestExecutionListener]
2021-08-02 21:26:57.302  INFO 7796 --- [    Test worker] .b.t.c.SpringBootTestContextBootstrapper : Using TestExecutionListeners: [org.springframework.test.context.web.ServletTestExecutionListener@189956ff, org.springframework.test.context.support.DirtiesContextBeforeModesTestExecutionListener@4313124a, org.springframework.test.context.event.ApplicationEventsTestExecutionListener@4f1e5f70, org.springframework.boot.test.mock.mockito.MockitoTestExecutionListener@58098b7e, org.springframework.boot.test.autoconfigure.SpringBootDependencyInjectionTestExecutionListener@a75102e, org.springframework.test.context.support.DirtiesContextTestExecutionListener@51afc268, org.springframework.test.context.transaction.TransactionalTestExecutionListener@6cf7e2f2, org.springframework.test.context.jdbc.SqlScriptsTestExecutionListener@7831c669, org.springframework.test.context.event.EventPublishingTestExecutionListener@5ae74d21, org.springframework.boot.test.autoconfigure.restdocs.RestDocsTestExecutionListener@75f46897, org.springframework.boot.test.autoconfigure.web.client.MockRestServiceServerResetTestExecutionListener@26c7f4a9, org.springframework.boot.test.autoconfigure.web.servlet.MockMvcPrintOnlyOnFailureTestExecutionListener@50b36c96, org.springframework.boot.test.autoconfigure.web.servlet.WebDriverTestExecutionListener@30ddbde4, org.springframework.boot.test.autoconfigure.webservices.client.MockWebServiceServerTestExecutionListener@66bbdbb8, org.springframework.boot.test.mock.mockito.ResetMocksTestExecutionListener@7f40197a]
]]></system-out>
  <system-err><![CDATA[]]></system-err>
</testsuite>
